# JRE version: Java(TM) SE Runtime Environment (7.0_55-b13) (build 1.7.0_55-b13)
# Java VM: Java HotSpot(TM) 64-Bit Server VM (24.55-b03 mixed mode windows-amd64 compressed oops)
Heap
 PSYoungGen      total 113664K, used 40570K [0x00000000f5500000, 0x00000000ff700000, 0x0000000100000000)
  eden space 58880K, 33% used [0x00000000f5500000,0x00000000f682a090,0x00000000f8e80000)
  from space 54784K, 38% used [0x00000000f8e80000,0x00000000fa2f4890,0x00000000fc400000)
  to   space 51712K, 0% used [0x00000000fc480000,0x00000000fc480000,0x00000000ff700000)
 ParOldGen       total 301056K, used 247888K [0x00000000e0000000, 0x00000000f2600000, 0x00000000f5500000)
  object space 301056K, 82% used [0x00000000e0000000,0x00000000ef2142c8,0x00000000f2600000)
 PSPermGen       total 121344K, used 114132K [0x00000000d0000000, 0x00000000d7680000, 0x00000000e0000000)
  object space 121344K, 94% used [0x00000000d0000000,0x00000000d6f75058,0x00000000d7680000)
GC Heap History (10 events):
Event: 30.239 GC heap before
{Heap before GC invocations=46 (full 5):
 PSYoungGen      total 116736K, used 68236K [0x00000000f5500000, 0x0000000100000000, 0x0000000100000000)
  eden space 58368K, 100% used [0x00000000f5500000,0x00000000f8e00000,0x00000000f8e00000)
  from space 58368K, 16% used [0x00000000fc700000,0x00000000fd0a33f8,0x0000000100000000)
  to   space 58368K, 0% used [0x00000000f8e00000,0x00000000f8e00000,0x00000000fc700000)
 ParOldGen       total 301056K, used 236527K [0x00000000e0000000, 0x00000000f2600000, 0x00000000f5500000)
  object space 301056K, 78% used [0x00000000e0000000,0x00000000ee6fbe50,0x00000000f2600000)
 PSPermGen       total 121344K, used 110179K [0x00000000d0000000, 0x00000000d7680000, 0x00000000e0000000)
  object space 121344K, 90% used [0x00000000d0000000,0x00000000d6b98f70,0x00000000d7680000)
Event: 30.258 GC heap after
Heap after GC invocations=46 (full 5):
 PSYoungGen      total 116736K, used 10487K [0x00000000f5500000, 0x0000000100000000, 0x0000000100000000)
  eden space 58368K, 0% used [0x00000000f5500000,0x00000000f5500000,0x00000000f8e00000)
  from space 58368K, 17% used [0x00000000f8e00000,0x00000000f983ddf8,0x00000000fc700000)
  to   space 58368K, 0% used [0x00000000fc700000,0x00000000fc700000,0x0000000100000000)
 ParOldGen       total 301056K, used 241091K [0x00000000e0000000, 0x00000000f2600000, 0x00000000f5500000)
  object space 301056K, 80% used [0x00000000e0000000,0x00000000eeb70f28,0x00000000f2600000)
 PSPermGen       total 121344K, used 110179K [0x00000000d0000000, 0x00000000d7680000, 0x00000000e0000000)
  object space 121344K, 90% used [0x00000000d0000000,0x00000000d6b98f70,0x00000000d7680000)
}
Event: 34.485 GC heap before
{Heap before GC invocations=47 (full 5):
 PSYoungGen      total 116736K, used 68846K [0x00000000f5500000, 0x0000000100000000, 0x0000000100000000)
  eden space 58368K, 99% used [0x00000000f5500000,0x00000000f8dfdb30,0x00000000f8e00000)
  from space 58368K, 17% used [0x00000000f8e00000,0x00000000f983ddf8,0x00000000fc700000)
  to   space 58368K, 0% used [0x00000000fc700000,0x00000000fc700000,0x0000000100000000)
 ParOldGen       total 301056K, used 241091K [0x00000000e0000000, 0x00000000f2600000, 0x00000000f5500000)
  object space 301056K, 80% used [0x00000000e0000000,0x00000000eeb70f28,0x00000000f2600000)
 PSPermGen       total 121344K, used 111845K [0x00000000d0000000, 0x00000000d7680000, 0x00000000e0000000)
  object space 121344K, 92% used [0x00000000d0000000,0x00000000d6d39408,0x00000000d7680000)
Event: 34.510 GC heap after
Heap after GC invocations=47 (full 5):
 PSYoungGen      total 115712K, used 20093K [0x00000000f5500000, 0x00000000fff00000, 0x0000000100000000)
  eden space 58368K, 0% used [0x00000000f5500000,0x00000000f5500000,0x00000000f8e00000)
  from space 57344K, 35% used [0x00000000fc700000,0x00000000fda9f4d0,0x00000000fff00000)
  to   space 57856K, 0% used [0x00000000f8e00000,0x00000000f8e00000,0x00000000fc680000)
 ParOldGen       total 301056K, used 247888K [0x00000000e0000000, 0x00000000f2600000, 0x00000000f5500000)
  object space 301056K, 82% used [0x00000000e0000000,0x00000000ef2142c8,0x00000000f2600000)
 PSPermGen       total 121344K, used 111845K [0x00000000d0000000, 0x00000000d7680000, 0x00000000e0000000)
  object space 121344K, 92% used [0x00000000d0000000,0x00000000d6d39408,0x00000000d7680000)
}
Event: 43.236 GC heap before
{Heap before GC invocations=48 (full 5):
 PSYoungGen      total 115712K, used 78461K [0x00000000f5500000, 0x00000000fff00000, 0x0000000100000000)
  eden space 58368K, 100% used [0x00000000f5500000,0x00000000f8e00000,0x00000000f8e00000)
  from space 57344K, 35% used [0x00000000fc700000,0x00000000fda9f4d0,0x00000000fff00000)
  to   space 57856K, 0% used [0x00000000f8e00000,0x00000000f8e00000,0x00000000fc680000)
 ParOldGen       total 301056K, used 247888K [0x00000000e0000000, 0x00000000f2600000, 0x00000000f5500000)
  object space 301056K, 82% used [0x00000000e0000000,0x00000000ef2142c8,0x00000000f2600000)
 PSPermGen       total 121344K, used 113410K [0x00000000d0000000, 0x00000000d7680000, 0x00000000e0000000)
  object space 121344K, 93% used [0x00000000d0000000,0x00000000d6ec0930,0x00000000d7680000)
Event: 43.271 GC heap after
Heap after GC invocations=48 (full 5):
 PSYoungGen      total 116224K, used 32053K [0x00000000f5500000, 0x0000000100000000, 0x0000000100000000)
  eden space 58368K, 0% used [0x00000000f5500000,0x00000000f5500000,0x00000000f8e00000)
  from space 57856K, 55% used [0x00000000f8e00000,0x00000000fad4d618,0x00000000fc680000)
  to   space 58368K, 0% used [0x00000000fc700000,0x00000000fc700000,0x0000000100000000)
 ParOldGen       total 301056K, used 247888K [0x00000000e0000000, 0x00000000f2600000, 0x00000000f5500000)
  object space 301056K, 82% used [0x00000000e0000000,0x00000000ef2142c8,0x00000000f2600000)
 PSPermGen       total 121344K, used 113410K [0x00000000d0000000, 0x00000000d7680000, 0x00000000e0000000)
  object space 121344K, 93% used [0x00000000d0000000,0x00000000d6ec0930,0x00000000d7680000)
}
Event: 43.991 GC heap before
{Heap before GC invocations=49 (full 5):
 PSYoungGen      total 116224K, used 90421K [0x00000000f5500000, 0x0000000100000000, 0x0000000100000000)
  eden space 58368K, 100% used [0x00000000f5500000,0x00000000f8e00000,0x00000000f8e00000)
  from space 57856K, 55% used [0x00000000f8e00000,0x00000000fad4d618,0x00000000fc680000)
  to   space 58368K, 0% used [0x00000000fc700000,0x00000000fc700000,0x0000000100000000)
 ParOldGen       total 301056K, used 247888K [0x00000000e0000000, 0x00000000f2600000, 0x00000000f5500000)
  object space 301056K, 82% used [0x00000000e0000000,0x00000000ef2142c8,0x00000000f2600000)
 PSPermGen       total 121344K, used 113924K [0x00000000d0000000, 0x00000000d7680000, 0x00000000e0000000)
  object space 121344K, 93% used [0x00000000d0000000,0x00000000d6f413b0,0x00000000d7680000)
Event: 44.019 GC heap after
Heap after GC invocations=49 (full 5):
 PSYoungGen      total 110592K, used 21200K [0x00000000f5500000, 0x00000000ff980000, 0x0000000100000000)
  eden space 58880K, 0% used [0x00000000f5500000,0x00000000f5500000,0x00000000f8e80000)
  from space 51712K, 40% used [0x00000000fc700000,0x00000000fdbb4230,0x00000000ff980000)
  to   space 54784K, 0% used [0x00000000f8e80000,0x00000000f8e80000,0x00000000fc400000)
 ParOldGen       total 301056K, used 247888K [0x00000000e0000000, 0x00000000f2600000, 0x00000000f5500000)
  object space 301056K, 82% used [0x00000000e0000000,0x00000000ef2142c8,0x00000000f2600000)
 PSPermGen       total 121344K, used 113924K [0x00000000d0000000, 0x00000000d7680000, 0x00000000e0000000)
  object space 121344K, 93% used [0x00000000d0000000,0x00000000d6f413b0,0x00000000d7680000)
}
Event: 44.324 GC heap before
{Heap before GC invocations=50 (full 5):
 PSYoungGen      total 110592K, used 80080K [0x00000000f5500000, 0x00000000ff980000, 0x0000000100000000)
  eden space 58880K, 100% used [0x00000000f5500000,0x00000000f8e80000,0x00000000f8e80000)
  from space 51712K, 40% used [0x00000000fc700000,0x00000000fdbb4230,0x00000000ff980000)
  to   space 54784K, 0% used [0x00000000f8e80000,0x00000000f8e80000,0x00000000fc400000)
 ParOldGen       total 301056K, used 247888K [0x00000000e0000000, 0x00000000f2600000, 0x00000000f5500000)
  object space 301056K, 82% used [0x00000000e0000000,0x00000000ef2142c8,0x00000000f2600000)
 PSPermGen       total 121344K, used 113976K [0x00000000d0000000, 0x00000000d7680000, 0x00000000e0000000)
  object space 121344K, 93% used [0x00000000d0000000,0x00000000d6f4e348,0x00000000d7680000)
Event: 44.340 GC heap after
Heap after GC invocations=50 (full 5):
 PSYoungGen      total 113664K, used 20946K [0x00000000f5500000, 0x00000000ff700000, 0x0000000100000000)
  eden space 58880K, 0% used [0x00000000f5500000,0x00000000f5500000,0x00000000f8e80000)
  from space 54784K, 38% used [0x00000000f8e80000,0x00000000fa2f4890,0x00000000fc400000)
  to   space 51712K, 0% used [0x00000000fc480000,0x00000000fc480000,0x00000000ff700000)
 ParOldGen       total 301056K, used 247888K [0x00000000e0000000, 0x00000000f2600000, 0x00000000f5500000)
  object space 301056K, 82% used [0x00000000e0000000,0x00000000ef2142c8,0x00000000f2600000)
 PSPermGen       total 121344K, used 113976K [0x00000000d0000000, 0x00000000d7680000, 0x00000000e0000000)
  object space 121344K, 93% used [0x00000000d0000000,0x00000000d6f4e348,0x00000000d7680000)
}

