# JRE version: Java(TM) SE Runtime Environment (7.0_55-b13) (build 1.7.0_55-b13)
# Java VM: Java HotSpot(TM) 64-Bit Server VM (24.55-b03 mixed mode windows-amd64 compressed oops)
Heap
 PSYoungGen      total 116736K, used 70862K [0x00000000f5500000, 0x0000000100000000, 0x0000000100000000)
  eden space 58368K, 65% used [0x00000000f5500000,0x00000000f7a4cdc8,0x00000000f8e00000)
  from space 58368K, 55% used [0x00000000f8e00000,0x00000000fade6d10,0x00000000fc700000)
  to   space 58368K, 0% used [0x00000000fc700000,0x00000000fc700000,0x0000000100000000)
 ParOldGen       total 300032K, used 241676K [0x00000000e0000000, 0x00000000f2500000, 0x00000000f5500000)
  object space 300032K, 80% used [0x00000000e0000000,0x00000000eec032c0,0x00000000f2500000)
 PSPermGen       total 114688K, used 114504K [0x00000000d0000000, 0x00000000d7000000, 0x00000000e0000000)
  object space 114688K, 99% used [0x00000000d0000000,0x00000000d6fd2348,0x00000000d7000000)
GC Heap History (10 events):
Event: 29.154 GC heap before
{Heap before GC invocations=46 (full 5):
 PSYoungGen      total 112640K, used 78970K [0x00000000f5500000, 0x00000000ff500000, 0x0000000100000000)
  eden space 66560K, 100% used [0x00000000f5500000,0x00000000f9600000,0x00000000f9600000)
  from space 46080K, 26% used [0x00000000fc800000,0x00000000fd41e940,0x00000000ff500000)
  to   space 48640K, 0% used [0x00000000f9600000,0x00000000f9600000,0x00000000fc580000)
 ParOldGen       total 300032K, used 235552K [0x00000000e0000000, 0x00000000f2500000, 0x00000000f5500000)
  object space 300032K, 78% used [0x00000000e0000000,0x00000000ee6082b0,0x00000000f2500000)
 PSPermGen       total 109568K, used 109286K [0x00000000d0000000, 0x00000000d6b00000, 0x00000000e0000000)
  object space 109568K, 99% used [0x00000000d0000000,0x00000000d6ab9ab0,0x00000000d6b00000)
Event: 29.172 GC heap after
Heap after GC invocations=46 (full 5):
 PSYoungGen      total 115200K, used 15100K [0x00000000f5500000, 0x00000000ff480000, 0x0000000100000000)
  eden space 66560K, 0% used [0x00000000f5500000,0x00000000f5500000,0x00000000f9600000)
  from space 48640K, 31% used [0x00000000f9600000,0x00000000fa4bf210,0x00000000fc580000)
  to   space 46080K, 0% used [0x00000000fc780000,0x00000000fc780000,0x00000000ff480000)
 ParOldGen       total 300032K, used 235552K [0x00000000e0000000, 0x00000000f2500000, 0x00000000f5500000)
  object space 300032K, 78% used [0x00000000e0000000,0x00000000ee6082b0,0x00000000f2500000)
 PSPermGen       total 109568K, used 109286K [0x00000000d0000000, 0x00000000d6b00000, 0x00000000e0000000)
  object space 109568K, 99% used [0x00000000d0000000,0x00000000d6ab9ab0,0x00000000d6b00000)
}
Event: 33.349 GC heap before
{Heap before GC invocations=47 (full 5):
 PSYoungGen      total 115200K, used 81660K [0x00000000f5500000, 0x00000000ff480000, 0x0000000100000000)
  eden space 66560K, 100% used [0x00000000f5500000,0x00000000f9600000,0x00000000f9600000)
  from space 48640K, 31% used [0x00000000f9600000,0x00000000fa4bf210,0x00000000fc580000)
  to   space 46080K, 0% used [0x00000000fc780000,0x00000000fc780000,0x00000000ff480000)
 ParOldGen       total 300032K, used 235552K [0x00000000e0000000, 0x00000000f2500000, 0x00000000f5500000)
  object space 300032K, 78% used [0x00000000e0000000,0x00000000ee6082b0,0x00000000f2500000)
 PSPermGen       total 112128K, used 111877K [0x00000000d0000000, 0x00000000d6d80000, 0x00000000e0000000)
  object space 112128K, 99% used [0x00000000d0000000,0x00000000d6d417b0,0x00000000d6d80000)
Event: 33.382 GC heap after
Heap after GC invocations=47 (full 5):
 PSYoungGen      total 113152K, used 36070K [0x00000000f5500000, 0x00000000ffc00000, 0x0000000100000000)
  eden space 67072K, 0% used [0x00000000f5500000,0x00000000f5500000,0x00000000f9680000)
  from space 46080K, 78% used [0x00000000fc780000,0x00000000feab9b78,0x00000000ff480000)
  to   space 50176K, 0% used [0x00000000f9680000,0x00000000f9680000,0x00000000fc780000)
 ParOldGen       total 300032K, used 235560K [0x00000000e0000000, 0x00000000f2500000, 0x00000000f5500000)
  object space 300032K, 78% used [0x00000000e0000000,0x00000000ee60a2b0,0x00000000f2500000)
 PSPermGen       total 112128K, used 111877K [0x00000000d0000000, 0x00000000d6d80000, 0x00000000e0000000)
  object space 112128K, 99% used [0x00000000d0000000,0x00000000d6d417b0,0x00000000d6d80000)
}
Event: 41.174 GC heap before
{Heap before GC invocations=48 (full 5):
 PSYoungGen      total 113152K, used 103142K [0x00000000f5500000, 0x00000000ffc00000, 0x0000000100000000)
  eden space 67072K, 100% used [0x00000000f5500000,0x00000000f9680000,0x00000000f9680000)
  from space 46080K, 78% used [0x00000000fc780000,0x00000000feab9b78,0x00000000ff480000)
  to   space 50176K, 0% used [0x00000000f9680000,0x00000000f9680000,0x00000000fc780000)
 ParOldGen       total 300032K, used 235560K [0x00000000e0000000, 0x00000000f2500000, 0x00000000f5500000)
  object space 300032K, 78% used [0x00000000e0000000,0x00000000ee60a2b0,0x00000000f2500000)
 PSPermGen       total 113664K, used 113520K [0x00000000d0000000, 0x00000000d6f00000, 0x00000000e0000000)
  object space 113664K, 99% used [0x00000000d0000000,0x00000000d6edc210,0x00000000d6f00000)
Event: 41.229 GC heap after
Heap after GC invocations=48 (full 5):
 PSYoungGen      total 117248K, used 49252K [0x00000000f5500000, 0x0000000100000000, 0x0000000100000000)
  eden space 67072K, 0% used [0x00000000f5500000,0x00000000f5500000,0x00000000f9680000)
  from space 50176K, 98% used [0x00000000f9680000,0x00000000fc699120,0x00000000fc780000)
  to   space 57856K, 0% used [0x00000000fc780000,0x00000000fc780000,0x0000000100000000)
 ParOldGen       total 300032K, used 235560K [0x00000000e0000000, 0x00000000f2500000, 0x00000000f5500000)
  object space 300032K, 78% used [0x00000000e0000000,0x00000000ee60a2b0,0x00000000f2500000)
 PSPermGen       total 113664K, used 113520K [0x00000000d0000000, 0x00000000d6f00000, 0x00000000e0000000)
  object space 113664K, 99% used [0x00000000d0000000,0x00000000d6edc210,0x00000000d6f00000)
}
Event: 41.405 GC heap before
{Heap before GC invocations=49 (full 5):
 PSYoungGen      total 117248K, used 116324K [0x00000000f5500000, 0x0000000100000000, 0x0000000100000000)
  eden space 67072K, 100% used [0x00000000f5500000,0x00000000f9680000,0x00000000f9680000)
  from space 50176K, 98% used [0x00000000f9680000,0x00000000fc699120,0x00000000fc780000)
  to   space 57856K, 0% used [0x00000000fc780000,0x00000000fc780000,0x0000000100000000)
 ParOldGen       total 300032K, used 235560K [0x00000000e0000000, 0x00000000f2500000, 0x00000000f5500000)
  object space 300032K, 78% used [0x00000000e0000000,0x00000000ee60a2b0,0x00000000f2500000)
 PSPermGen       total 114176K, used 114058K [0x00000000d0000000, 0x00000000d6f80000, 0x00000000e0000000)
  object space 114176K, 99% used [0x00000000d0000000,0x00000000d6f62958,0x00000000d6f80000)
Event: 41.445 GC heap after
Heap after GC invocations=49 (full 5):
 PSYoungGen      total 116224K, used 48949K [0x00000000f5500000, 0x0000000100000000, 0x0000000100000000)
  eden space 58368K, 0% used [0x00000000f5500000,0x00000000f5500000,0x00000000f8e00000)
  from space 57856K, 84% used [0x00000000fc780000,0x00000000ff74d440,0x0000000100000000)
  to   space 58368K, 0% used [0x00000000f8e00000,0x00000000f8e00000,0x00000000fc700000)
 ParOldGen       total 300032K, used 235560K [0x00000000e0000000, 0x00000000f2500000, 0x00000000f5500000)
  object space 300032K, 78% used [0x00000000e0000000,0x00000000ee60a2b0,0x00000000f2500000)
 PSPermGen       total 114176K, used 114058K [0x00000000d0000000, 0x00000000d6f80000, 0x00000000e0000000)
  object space 114176K, 99% used [0x00000000d0000000,0x00000000d6f62958,0x00000000d6f80000)
}
Event: 42.899 GC heap before
{Heap before GC invocations=50 (full 5):
 PSYoungGen      total 116224K, used 107317K [0x00000000f5500000, 0x0000000100000000, 0x0000000100000000)
  eden space 58368K, 100% used [0x00000000f5500000,0x00000000f8e00000,0x00000000f8e00000)
  from space 57856K, 84% used [0x00000000fc780000,0x00000000ff74d440,0x0000000100000000)
  to   space 58368K, 0% used [0x00000000f8e00000,0x00000000f8e00000,0x00000000fc700000)
 ParOldGen       total 300032K, used 235560K [0x00000000e0000000, 0x00000000f2500000, 0x00000000f5500000)
  object space 300032K, 78% used [0x00000000e0000000,0x00000000ee60a2b0,0x00000000f2500000)
 PSPermGen       total 114688K, used 114355K [0x00000000d0000000, 0x00000000d7000000, 0x00000000e0000000)
  object space 114688K, 99% used [0x00000000d0000000,0x00000000d6face20,0x00000000d7000000)
Event: 42.929 GC heap after
Heap after GC invocations=50 (full 5):
 PSYoungGen      total 116736K, used 32667K [0x00000000f5500000, 0x0000000100000000, 0x0000000100000000)
  eden space 58368K, 0% used [0x00000000f5500000,0x00000000f5500000,0x00000000f8e00000)
  from space 58368K, 55% used [0x00000000f8e00000,0x00000000fade6d10,0x00000000fc700000)
  to   space 58368K, 0% used [0x00000000fc700000,0x00000000fc700000,0x0000000100000000)
 ParOldGen       total 300032K, used 241676K [0x00000000e0000000, 0x00000000f2500000, 0x00000000f5500000)
  object space 300032K, 80% used [0x00000000e0000000,0x00000000eec032c0,0x00000000f2500000)
 PSPermGen       total 114688K, used 114355K [0x00000000d0000000, 0x00000000d7000000, 0x00000000e0000000)
  object space 114688K, 99% used [0x00000000d0000000,0x00000000d6face20,0x00000000d7000000)
}

