# JRE version: Java(TM) SE Runtime Environment (7.0_55-b13) (build 1.7.0_55-b13)
# Java VM: Java HotSpot(TM) 64-Bit Server VM (24.55-b03 mixed mode windows-amd64 compressed oops)
Heap
 PSYoungGen      total 116736K, used 10317K [0x00000000f5500000, 0x0000000100000000, 0x0000000100000000)
  eden space 58368K, 2% used [0x00000000f5500000,0x00000000f565e500,0x00000000f8e00000)
  from space 58368K, 15% used [0x00000000fc700000,0x00000000fcfb4f40,0x0000000100000000)
  to   space 58368K, 0% used [0x00000000f8e00000,0x00000000f8e00000,0x00000000fc700000)
 ParOldGen       total 302080K, used 227657K [0x00000000e0000000, 0x00000000f2700000, 0x00000000f5500000)
  object space 302080K, 75% used [0x00000000e0000000,0x00000000ede526c8,0x00000000f2700000)
 PSPermGen       total 121856K, used 121696K [0x00000000d0000000, 0x00000000d7700000, 0x00000000e0000000)
  object space 121856K, 99% used [0x00000000d0000000,0x00000000d76d8100,0x00000000d7700000)
GC Heap History (10 events):
Event: 1560.562 GC heap before
{Heap before GC invocations=90 (full 22):
 PSYoungGen      total 116736K, used 116710K [0x00000000f5500000, 0x0000000100000000, 0x0000000100000000)
  eden space 58368K, 100% used [0x00000000f5500000,0x00000000f8e00000,0x00000000f8e00000)
  from space 58368K, 99% used [0x00000000f8e00000,0x00000000fc6f9a68,0x00000000fc700000)
  to   space 58368K, 0% used [0x00000000fc700000,0x00000000fc700000,0x0000000100000000)
 ParOldGen       total 302080K, used 179421K [0x00000000e0000000, 0x00000000f2700000, 0x00000000f5500000)
  object space 302080K, 59% used [0x00000000e0000000,0x00000000eaf37440,0x00000000f2700000)
 PSPermGen       total 119808K, used 119787K [0x00000000d0000000, 0x00000000d7500000, 0x00000000e0000000)
  object space 119808K, 99% used [0x00000000d0000000,0x00000000d74faef8,0x00000000d7500000)
Event: 1560.613 GC heap after
Heap after GC invocations=90 (full 22):
 PSYoungGen      total 116736K, used 35937K [0x00000000f5500000, 0x0000000100000000, 0x0000000100000000)
  eden space 58368K, 0% used [0x00000000f5500000,0x00000000f5500000,0x00000000f8e00000)
  from space 58368K, 61% used [0x00000000fc700000,0x00000000fea18400,0x0000000100000000)
  to   space 58368K, 0% used [0x00000000f8e00000,0x00000000f8e00000,0x00000000fc700000)
 ParOldGen       total 302080K, used 203320K [0x00000000e0000000, 0x00000000f2700000, 0x00000000f5500000)
  object space 302080K, 67% used [0x00000000e0000000,0x00000000ec68e220,0x00000000f2700000)
 PSPermGen       total 119808K, used 119787K [0x00000000d0000000, 0x00000000d7500000, 0x00000000e0000000)
  object space 119808K, 99% used [0x00000000d0000000,0x00000000d74faef8,0x00000000d7500000)
}
Event: 1569.642 GC heap before
{Heap before GC invocations=91 (full 22):
 PSYoungGen      total 116736K, used 94305K [0x00000000f5500000, 0x0000000100000000, 0x0000000100000000)
  eden space 58368K, 100% used [0x00000000f5500000,0x00000000f8e00000,0x00000000f8e00000)
  from space 58368K, 61% used [0x00000000fc700000,0x00000000fea18400,0x0000000100000000)
  to   space 58368K, 0% used [0x00000000f8e00000,0x00000000f8e00000,0x00000000fc700000)
 ParOldGen       total 302080K, used 203320K [0x00000000e0000000, 0x00000000f2700000, 0x00000000f5500000)
  object space 302080K, 67% used [0x00000000e0000000,0x00000000ec68e220,0x00000000f2700000)
 PSPermGen       total 121344K, used 120846K [0x00000000d0000000, 0x00000000d7680000, 0x00000000e0000000)
  object space 121344K, 99% used [0x00000000d0000000,0x00000000d7603a18,0x00000000d7680000)
Event: 1569.672 GC heap after
Heap after GC invocations=91 (full 22):
 PSYoungGen      total 116736K, used 23712K [0x00000000f5500000, 0x0000000100000000, 0x0000000100000000)
  eden space 58368K, 0% used [0x00000000f5500000,0x00000000f5500000,0x00000000f8e00000)
  from space 58368K, 40% used [0x00000000f8e00000,0x00000000fa528300,0x00000000fc700000)
  to   space 58368K, 0% used [0x00000000fc700000,0x00000000fc700000,0x0000000100000000)
 ParOldGen       total 302080K, used 210546K [0x00000000e0000000, 0x00000000f2700000, 0x00000000f5500000)
  object space 302080K, 69% used [0x00000000e0000000,0x00000000ecd9caf0,0x00000000f2700000)
 PSPermGen       total 121344K, used 120846K [0x00000000d0000000, 0x00000000d7680000, 0x00000000e0000000)
  object space 121344K, 99% used [0x00000000d0000000,0x00000000d7603a18,0x00000000d7680000)
}
Event: 1572.560 GC heap before
{Heap before GC invocations=92 (full 22):
 PSYoungGen      total 116736K, used 82080K [0x00000000f5500000, 0x0000000100000000, 0x0000000100000000)
  eden space 58368K, 100% used [0x00000000f5500000,0x00000000f8e00000,0x00000000f8e00000)
  from space 58368K, 40% used [0x00000000f8e00000,0x00000000fa528300,0x00000000fc700000)
  to   space 58368K, 0% used [0x00000000fc700000,0x00000000fc700000,0x0000000100000000)
 ParOldGen       total 302080K, used 210546K [0x00000000e0000000, 0x00000000f2700000, 0x00000000f5500000)
  object space 302080K, 69% used [0x00000000e0000000,0x00000000ecd9caf0,0x00000000f2700000)
 PSPermGen       total 121856K, used 121554K [0x00000000d0000000, 0x00000000d7700000, 0x00000000e0000000)
  object space 121856K, 99% used [0x00000000d0000000,0x00000000d76b4b10,0x00000000d7700000)
Event: 1572.589 GC heap after
Heap after GC invocations=92 (full 22):
 PSYoungGen      total 116736K, used 21275K [0x00000000f5500000, 0x0000000100000000, 0x0000000100000000)
  eden space 58368K, 0% used [0x00000000f5500000,0x00000000f5500000,0x00000000f8e00000)
  from space 58368K, 36% used [0x00000000fc700000,0x00000000fdbc6f38,0x0000000100000000)
  to   space 58368K, 0% used [0x00000000f8e00000,0x00000000f8e00000,0x00000000fc700000)
 ParOldGen       total 302080K, used 219154K [0x00000000e0000000, 0x00000000f2700000, 0x00000000f5500000)
  object space 302080K, 72% used [0x00000000e0000000,0x00000000ed604898,0x00000000f2700000)
 PSPermGen       total 121856K, used 121554K [0x00000000d0000000, 0x00000000d7700000, 0x00000000e0000000)
  object space 121856K, 99% used [0x00000000d0000000,0x00000000d76b4b10,0x00000000d7700000)
}
Event: 1578.299 GC heap before
{Heap before GC invocations=93 (full 22):
 PSYoungGen      total 116736K, used 79643K [0x00000000f5500000, 0x0000000100000000, 0x0000000100000000)
  eden space 58368K, 100% used [0x00000000f5500000,0x00000000f8e00000,0x00000000f8e00000)
  from space 58368K, 36% used [0x00000000fc700000,0x00000000fdbc6f38,0x0000000100000000)
  to   space 58368K, 0% used [0x00000000f8e00000,0x00000000f8e00000,0x00000000fc700000)
 ParOldGen       total 302080K, used 219154K [0x00000000e0000000, 0x00000000f2700000, 0x00000000f5500000)
  object space 302080K, 72% used [0x00000000e0000000,0x00000000ed604898,0x00000000f2700000)
 PSPermGen       total 121856K, used 121660K [0x00000000d0000000, 0x00000000d7700000, 0x00000000e0000000)
  object space 121856K, 99% used [0x00000000d0000000,0x00000000d76cf368,0x00000000d7700000)
Event: 1578.318 GC heap after
Heap after GC invocations=93 (full 22):
 PSYoungGen      total 116736K, used 14334K [0x00000000f5500000, 0x0000000100000000, 0x0000000100000000)
  eden space 58368K, 0% used [0x00000000f5500000,0x00000000f5500000,0x00000000f8e00000)
  from space 58368K, 24% used [0x00000000f8e00000,0x00000000f9bffa60,0x00000000fc700000)
  to   space 58368K, 0% used [0x00000000fc700000,0x00000000fc700000,0x0000000100000000)
 ParOldGen       total 302080K, used 222265K [0x00000000e0000000, 0x00000000f2700000, 0x00000000f5500000)
  object space 302080K, 73% used [0x00000000e0000000,0x00000000ed90e510,0x00000000f2700000)
 PSPermGen       total 121856K, used 121660K [0x00000000d0000000, 0x00000000d7700000, 0x00000000e0000000)
  object space 121856K, 99% used [0x00000000d0000000,0x00000000d76cf368,0x00000000d7700000)
}
Event: 1578.489 GC heap before
{Heap before GC invocations=94 (full 22):
 PSYoungGen      total 116736K, used 72702K [0x00000000f5500000, 0x0000000100000000, 0x0000000100000000)
  eden space 58368K, 100% used [0x00000000f5500000,0x00000000f8e00000,0x00000000f8e00000)
  from space 58368K, 24% used [0x00000000f8e00000,0x00000000f9bffa60,0x00000000fc700000)
  to   space 58368K, 0% used [0x00000000fc700000,0x00000000fc700000,0x0000000100000000)
 ParOldGen       total 302080K, used 222265K [0x00000000e0000000, 0x00000000f2700000, 0x00000000f5500000)
  object space 302080K, 73% used [0x00000000e0000000,0x00000000ed90e510,0x00000000f2700000)
 PSPermGen       total 121856K, used 121664K [0x00000000d0000000, 0x00000000d7700000, 0x00000000e0000000)
  object space 121856K, 99% used [0x00000000d0000000,0x00000000d76d0078,0x00000000d7700000)
Event: 1578.506 GC heap after
Heap after GC invocations=94 (full 22):
 PSYoungGen      total 116736K, used 8915K [0x00000000f5500000, 0x0000000100000000, 0x0000000100000000)
  eden space 58368K, 0% used [0x00000000f5500000,0x00000000f5500000,0x00000000f8e00000)
  from space 58368K, 15% used [0x00000000fc700000,0x00000000fcfb4f40,0x0000000100000000)
  to   space 58368K, 0% used [0x00000000f8e00000,0x00000000f8e00000,0x00000000fc700000)
 ParOldGen       total 302080K, used 227657K [0x00000000e0000000, 0x00000000f2700000, 0x00000000f5500000)
  object space 302080K, 75% used [0x00000000e0000000,0x00000000ede526c8,0x00000000f2700000)
 PSPermGen       total 121856K, used 121664K [0x00000000d0000000, 0x00000000d7700000, 0x00000000e0000000)
  object space 121856K, 99% used [0x00000000d0000000,0x00000000d76d0078,0x00000000d7700000)
}

