# JRE version: Java(TM) SE Runtime Environment (7.0_55-b13) (build 1.7.0_55-b13)
# Java VM: Java HotSpot(TM) 64-Bit Server VM (24.55-b03 mixed mode windows-amd64 compressed oops)
Heap
 PSYoungGen      total 107520K, used 50306K [0x00000000f5500000, 0x00000000fef80000, 0x0000000100000000)
  eden space 59904K, 67% used [0x00000000f5500000,0x00000000f7c49450,0x00000000f8f80000)
  from space 47616K, 21% used [0x00000000fc100000,0x00000000fcad7758,0x00000000fef80000)
  to   space 49152K, 0% used [0x00000000f8f80000,0x00000000f8f80000,0x00000000fbf80000)
 ParOldGen       total 243712K, used 124792K [0x00000000e0000000, 0x00000000eee00000, 0x00000000f5500000)
  object space 243712K, 51% used [0x00000000e0000000,0x00000000e79de380,0x00000000eee00000)
 PSPermGen       total 120832K, used 111717K [0x00000000d0000000, 0x00000000d7600000, 0x00000000e0000000)
  object space 120832K, 92% used [0x00000000d0000000,0x00000000d6d19508,0x00000000d7600000)
GC Heap History (10 events):
Event: 288.730 GC heap before
{Heap before GC invocations=448 (full 283):
 PSYoungGen      total 103424K, used 92274K [0x00000000f5500000, 0x00000000feb00000, 0x0000000100000000)
  eden space 60928K, 100% used [0x00000000f5500000,0x00000000f9080000,0x00000000f9080000)
  from space 42496K, 73% used [0x00000000fbc80000,0x00000000fdb1c810,0x00000000fe600000)
  to   space 45056K, 0% used [0x00000000f9080000,0x00000000f9080000,0x00000000fbc80000)
 ParOldGen       total 243712K, used 154367K [0x00000000e0000000, 0x00000000eee00000, 0x00000000f5500000)
  object space 243712K, 63% used [0x00000000e0000000,0x00000000e96bfcc8,0x00000000eee00000)
 PSPermGen       total 110592K, used 110580K [0x00000000d0000000, 0x00000000d6c00000, 0x00000000e0000000)
  object space 110592K, 99% used [0x00000000d0000000,0x00000000d6bfd2a0,0x00000000d6c00000)
Event: 288.759 GC heap after
Heap after GC invocations=448 (full 283):
 PSYoungGen      total 105984K, used 33258K [0x00000000f5500000, 0x00000000fed80000, 0x0000000100000000)
  eden space 60928K, 0% used [0x00000000f5500000,0x00000000f5500000,0x00000000f9080000)
  from space 45056K, 73% used [0x00000000f9080000,0x00000000fb0faa30,0x00000000fbc80000)
  to   space 47104K, 0% used [0x00000000fbf80000,0x00000000fbf80000,0x00000000fed80000)
 ParOldGen       total 243712K, used 154367K [0x00000000e0000000, 0x00000000eee00000, 0x00000000f5500000)
  object space 243712K, 63% used [0x00000000e0000000,0x00000000e96bfcc8,0x00000000eee00000)
 PSPermGen       total 110592K, used 110580K [0x00000000d0000000, 0x00000000d6c00000, 0x00000000e0000000)
  object space 110592K, 99% used [0x00000000d0000000,0x00000000d6bfd2a0,0x00000000d6c00000)
}
Event: 294.401 GC heap before
{Heap before GC invocations=449 (full 283):
 PSYoungGen      total 105984K, used 89178K [0x00000000f5500000, 0x00000000fed80000, 0x0000000100000000)
  eden space 60928K, 91% used [0x00000000f5500000,0x00000000f8b9bea0,0x00000000f9080000)
  from space 45056K, 73% used [0x00000000f9080000,0x00000000fb0faa30,0x00000000fbc80000)
  to   space 47104K, 0% used [0x00000000fbf80000,0x00000000fbf80000,0x00000000fed80000)
 ParOldGen       total 243712K, used 154367K [0x00000000e0000000, 0x00000000eee00000, 0x00000000f5500000)
  object space 243712K, 63% used [0x00000000e0000000,0x00000000e96bfcc8,0x00000000eee00000)
 PSPermGen       total 111104K, used 110689K [0x00000000d0000000, 0x00000000d6c80000, 0x00000000e0000000)
  object space 111104K, 99% used [0x00000000d0000000,0x00000000d6c18760,0x00000000d6c80000)
Event: 294.442 GC heap after
Heap after GC invocations=449 (full 283):
 PSYoungGen      total 106496K, used 35332K [0x00000000f5500000, 0x00000000ff280000, 0x0000000100000000)
  eden space 59392K, 0% used [0x00000000f5500000,0x00000000f5500000,0x00000000f8f00000)
  from space 47104K, 75% used [0x00000000fbf80000,0x00000000fe2011b0,0x00000000fed80000)
  to   space 49664K, 0% used [0x00000000f8f00000,0x00000000f8f00000,0x00000000fbf80000)
 ParOldGen       total 243712K, used 154367K [0x00000000e0000000, 0x00000000eee00000, 0x00000000f5500000)
  object space 243712K, 63% used [0x00000000e0000000,0x00000000e96bfcc8,0x00000000eee00000)
 PSPermGen       total 111104K, used 110689K [0x00000000d0000000, 0x00000000d6c80000, 0x00000000e0000000)
  object space 111104K, 99% used [0x00000000d0000000,0x00000000d6c18760,0x00000000d6c80000)
}
Event: 294.442 GC heap before
{Heap before GC invocations=450 (full 284):
 PSYoungGen      total 106496K, used 35332K [0x00000000f5500000, 0x00000000ff280000, 0x0000000100000000)
  eden space 59392K, 0% used [0x00000000f5500000,0x00000000f5500000,0x00000000f8f00000)
  from space 47104K, 75% used [0x00000000fbf80000,0x00000000fe2011b0,0x00000000fed80000)
  to   space 49664K, 0% used [0x00000000f8f00000,0x00000000f8f00000,0x00000000fbf80000)
 ParOldGen       total 243712K, used 154367K [0x00000000e0000000, 0x00000000eee00000, 0x00000000f5500000)
  object space 243712K, 63% used [0x00000000e0000000,0x00000000e96bfcc8,0x00000000eee00000)
 PSPermGen       total 111104K, used 110689K [0x00000000d0000000, 0x00000000d6c80000, 0x00000000e0000000)
  object space 111104K, 99% used [0x00000000d0000000,0x00000000d6c18760,0x00000000d6c80000)
Event: 295.313 GC heap after
Heap after GC invocations=450 (full 284):
 PSYoungGen      total 106496K, used 0K [0x00000000f5500000, 0x00000000ff280000, 0x0000000100000000)
  eden space 59392K, 0% used [0x00000000f5500000,0x00000000f5500000,0x00000000f8f00000)
  from space 47104K, 0% used [0x00000000fbf80000,0x00000000fbf80000,0x00000000fed80000)
  to   space 49664K, 0% used [0x00000000f8f00000,0x00000000f8f00000,0x00000000fbf80000)
 ParOldGen       total 243712K, used 124792K [0x00000000e0000000, 0x00000000eee00000, 0x00000000f5500000)
  object space 243712K, 51% used [0x00000000e0000000,0x00000000e79de380,0x00000000eee00000)
 PSPermGen       total 120832K, used 110655K [0x00000000d0000000, 0x00000000d7600000, 0x00000000e0000000)
  object space 120832K, 91% used [0x00000000d0000000,0x00000000d6c0fe78,0x00000000d7600000)
}
Event: 341.237 GC heap before
{Heap before GC invocations=451 (full 284):
 PSYoungGen      total 106496K, used 59392K [0x00000000f5500000, 0x00000000ff280000, 0x0000000100000000)
  eden space 59392K, 100% used [0x00000000f5500000,0x00000000f8f00000,0x00000000f8f00000)
  from space 47104K, 0% used [0x00000000fbf80000,0x00000000fbf80000,0x00000000fed80000)
  to   space 49664K, 0% used [0x00000000f8f00000,0x00000000f8f00000,0x00000000fbf80000)
 ParOldGen       total 243712K, used 124792K [0x00000000e0000000, 0x00000000eee00000, 0x00000000f5500000)
  object space 243712K, 51% used [0x00000000e0000000,0x00000000e79de380,0x00000000eee00000)
 PSPermGen       total 120832K, used 111470K [0x00000000d0000000, 0x00000000d7600000, 0x00000000e0000000)
  object space 120832K, 92% used [0x00000000d0000000,0x00000000d6cdbbe8,0x00000000d7600000)
Event: 341.250 GC heap after
Heap after GC invocations=451 (full 284):
 PSYoungGen      total 109056K, used 5629K [0x00000000f5500000, 0x00000000ff200000, 0x0000000100000000)
  eden space 59392K, 0% used [0x00000000f5500000,0x00000000f5500000,0x00000000f8f00000)
  from space 49664K, 11% used [0x00000000f8f00000,0x00000000f947f7a8,0x00000000fbf80000)
  to   space 50176K, 0% used [0x00000000fc100000,0x00000000fc100000,0x00000000ff200000)
 ParOldGen       total 243712K, used 124792K [0x00000000e0000000, 0x00000000eee00000, 0x00000000f5500000)
  object space 243712K, 51% used [0x00000000e0000000,0x00000000e79de380,0x00000000eee00000)
 PSPermGen       total 120832K, used 111470K [0x00000000d0000000, 0x00000000d7600000, 0x00000000e0000000)
  object space 120832K, 92% used [0x00000000d0000000,0x00000000d6cdbbe8,0x00000000d7600000)
}
Event: 342.580 GC heap before
{Heap before GC invocations=452 (full 284):
 PSYoungGen      total 109056K, used 65021K [0x00000000f5500000, 0x00000000ff200000, 0x0000000100000000)
  eden space 59392K, 100% used [0x00000000f5500000,0x00000000f8f00000,0x00000000f8f00000)
  from space 49664K, 11% used [0x00000000f8f00000,0x00000000f947f7a8,0x00000000fbf80000)
  to   space 50176K, 0% used [0x00000000fc100000,0x00000000fc100000,0x00000000ff200000)
 ParOldGen       total 243712K, used 124792K [0x00000000e0000000, 0x00000000eee00000, 0x00000000f5500000)
  object space 243712K, 51% used [0x00000000e0000000,0x00000000e79de380,0x00000000eee00000)
 PSPermGen       total 120832K, used 111593K [0x00000000d0000000, 0x00000000d7600000, 0x00000000e0000000)
  object space 120832K, 92% used [0x00000000d0000000,0x00000000d6cfa4e8,0x00000000d7600000)
Event: 342.591 GC heap after
Heap after GC invocations=452 (full 284):
 PSYoungGen      total 107520K, used 10077K [0x00000000f5500000, 0x00000000fef80000, 0x0000000100000000)
  eden space 59904K, 0% used [0x00000000f5500000,0x00000000f5500000,0x00000000f8f80000)
  from space 47616K, 21% used [0x00000000fc100000,0x00000000fcad7758,0x00000000fef80000)
  to   space 49152K, 0% used [0x00000000f8f80000,0x00000000f8f80000,0x00000000fbf80000)
 ParOldGen       total 243712K, used 124792K [0x00000000e0000000, 0x00000000eee00000, 0x00000000f5500000)
  object space 243712K, 51% used [0x00000000e0000000,0x00000000e79de380,0x00000000eee00000)
 PSPermGen       total 120832K, used 111593K [0x00000000d0000000, 0x00000000d7600000, 0x00000000e0000000)
  object space 120832K, 92% used [0x00000000d0000000,0x00000000d6cfa4e8,0x00000000d7600000)
}

